-------------------------------------------------------------------------------
Test set: com.example.introduction.KotlinJavaInteroperablitityUnitTest
-------------------------------------------------------------------------------
Tests run: 1, Failures: 1, Errors: 0, Skipped: 0, Time elapsed: 0.075 s <<< FAILURE! - in com.example.introduction.KotlinJavaInteroperablitityUnitTest
givenLowercaseString_WheExecuteMethodFromJavaStringUtils_shouldResutStringUppercase  Time elapsed: 0.051 s  <<< FAILURE!
java.lang.AssertionError: Expected <TOM>, actual <TOm>.
	at com.example.introduction.KotlinJavaInteroperablitityUnitTest.givenLowercaseString_WheExecuteMethodFromJavaStringUtils_shouldResutStringUppercase(KotlinJavaInteroperabilityUnitTest.kt:17)

