<?xml version="1.0" encoding="UTF-8"?>
<testsuite xmlns:xsi="http://www.w3.org/2001/XMLSchema-instance" xsi:noNamespaceSchemaLocation="https://maven.apache.org/surefire/maven-surefire-plugin/xsd/surefire-test-report.xsd" name="com.example.introduction.KotlinJavaInteroperablitityUnitTest" time="0.075" tests="1" errors="0" skipped="0" failures="1">
  <properties>
[...]
</properties>
  <testcase name="givenLowercaseString_WheExecuteMethodFromJavaStringUtils_shouldResutStringUppercase" classname="com.example.introduction.KotlinJavaInteroperablitityUnitTest" time="0.051">
    <failure message="Expected &lt;TOM&gt;, actual &lt;TOm&gt;." type="java.lang.AssertionError"><![CDATA[java.lang.AssertionError: Expected <TOM>, actual <TOm>.
	at com.example.introduction.KotlinJavaInteroperablitityUnitTest.givenLowercaseString_WheExecuteMethodFromJavaStringUtils_shouldResutStringUppercase(KotlinJavaInteroperabilityUnitTest.kt:17)
]]></failure>
  </testcase>
</testsuite>